{
  "uid" : "4e17ec97d1b27378",
  "name" : "test_deletedata",
  "fullName" : "src.tests.automation.test_deletedata#test_deletedata",
  "historyId" : "785ec36f7ad143dce1dc717384ddf197",
  "time" : {
    "start" : 1628621284995,
    "stop" : 1628621312375,
    "duration" : 27380
  },
  "status" : "passed",
  "flaky" : false,
  "newFailed" : false,
  "beforeStages" : [ ],
  "afterStages" : [ ],
  "labels" : [ {
    "name" : "parentSuite",
    "value" : "src.tests.automation"
  }, {
    "name" : "suite",
    "value" : "test_deletedata"
  }, {
    "name" : "host",
    "value" : "fv-az74-846"
  }, {
    "name" : "thread",
    "value" : "4338-MainThread"
  }, {
    "name" : "framework",
    "value" : "pytest"
  }, {
    "name" : "language",
    "value" : "cpython3"
  }, {
    "name" : "package",
    "value" : "src.tests.automation.test_deletedata"
  }, {
    "name" : "resultFormat",
    "value" : "allure2"
  } ],
  "parameters" : [ ],
  "links" : [ ],
  "hidden" : false,
  "retry" : false,
  "extra" : {
    "severity" : "normal",
    "retries" : [ ],
    "categories" : [ ],
    "history" : {
      "statistic" : {
        "failed" : 0,
        "broken" : 2,
        "skipped" : 0,
        "passed" : 2,
        "unknown" : 0,
        "total" : 4
      },
      "items" : [ {
        "uid" : "1d3a6303143e2842",
        "reportUrl" : "https://BalazsSzoboszlay.github.io/conduit/18//#testresult/1d3a6303143e2842",
        "status" : "passed",
        "time" : {
          "start" : 1628618303268,
          "stop" : 1628618330302,
          "duration" : 27034
        }
      }, {
        "uid" : "8db7e2bddc52c167",
        "reportUrl" : "https://BalazsSzoboszlay.github.io/conduit/17//#testresult/8db7e2bddc52c167",
        "status" : "broken",
        "statusDetails" : "selenium.common.exceptions.WebDriverException: Message: 'chromedriver' executable needs to be in PATH. Please see https://sites.google.com/a/chromium.org/chromedriver/home",
        "time" : {
          "start" : 1628534402344,
          "stop" : 1628534402347,
          "duration" : 3
        }
      }, {
        "uid" : "74a68be8aa4a79ce",
        "reportUrl" : "https://BalazsSzoboszlay.github.io/conduit/16//#testresult/74a68be8aa4a79ce",
        "status" : "broken",
        "statusDetails" : "selenium.common.exceptions.WebDriverException: Message: 'chromedriver' executable needs to be in PATH. Please see https://sites.google.com/a/chromium.org/chromedriver/home",
        "time" : {
          "start" : 1628533974367,
          "stop" : 1628533974370,
          "duration" : 3
        }
      } ]
    },
    "tags" : [ ]
  },
  "source" : "4e17ec97d1b27378.json",
  "parameterValues" : [ ]
}