{
  "uid" : "879595a560883046",
  "name" : "test_pagination",
  "fullName" : "src.tests.automation.test_pagination#test_pagination",
  "historyId" : "600d21e239225d6eeebf5f1a0e0465ee",
  "time" : {
    "start" : 1628621387862,
    "stop" : 1628621405552,
    "duration" : 17690
  },
  "status" : "passed",
  "flaky" : false,
  "newFailed" : false,
  "beforeStages" : [ ],
  "testStage" : {
    "status" : "passed",
    "steps" : [ ],
    "attachments" : [ {
      "uid" : "7fe43599059d4213",
      "name" : "stdout",
      "source" : "7fe43599059d4213.txt",
      "type" : "text/plain",
      "size" : 16
    } ],
    "parameters" : [ ],
    "stepsCount" : 0,
    "attachmentsCount" : 1,
    "shouldDisplayMessage" : false,
    "hasContent" : true
  },
  "afterStages" : [ ],
  "labels" : [ {
    "name" : "parentSuite",
    "value" : "src.tests.automation"
  }, {
    "name" : "suite",
    "value" : "test_pagination"
  }, {
    "name" : "host",
    "value" : "fv-az74-846"
  }, {
    "name" : "thread",
    "value" : "4338-MainThread"
  }, {
    "name" : "framework",
    "value" : "pytest"
  }, {
    "name" : "language",
    "value" : "cpython3"
  }, {
    "name" : "package",
    "value" : "src.tests.automation.test_pagination"
  }, {
    "name" : "resultFormat",
    "value" : "allure2"
  } ],
  "parameters" : [ ],
  "links" : [ ],
  "hidden" : false,
  "retry" : false,
  "extra" : {
    "severity" : "normal",
    "retries" : [ ],
    "categories" : [ ],
    "history" : {
      "statistic" : {
        "failed" : 0,
        "broken" : 2,
        "skipped" : 0,
        "passed" : 1,
        "unknown" : 0,
        "total" : 3
      },
      "items" : [ {
        "uid" : "ebd47d225013f34f",
        "reportUrl" : "https://BalazsSzoboszlay.github.io/conduit/17//#testresult/ebd47d225013f34f",
        "status" : "broken",
        "statusDetails" : "selenium.common.exceptions.WebDriverException: Message: 'chromedriver' executable needs to be in PATH. Please see https://sites.google.com/a/chromium.org/chromedriver/home",
        "time" : {
          "start" : 1628534411022,
          "stop" : 1628534411025,
          "duration" : 3
        }
      }, {
        "uid" : "4ce942fea53b14f6",
        "reportUrl" : "https://BalazsSzoboszlay.github.io/conduit/16//#testresult/4ce942fea53b14f6",
        "status" : "broken",
        "statusDetails" : "selenium.common.exceptions.WebDriverException: Message: 'chromedriver' executable needs to be in PATH. Please see https://sites.google.com/a/chromium.org/chromedriver/home",
        "time" : {
          "start" : 1628533979641,
          "stop" : 1628533979644,
          "duration" : 3
        }
      } ]
    },
    "tags" : [ ]
  },
  "source" : "879595a560883046.json",
  "parameterValues" : [ ]
}