{
  "uid" : "a040f7b3c025fcc",
  "name" : "test_listallelements",
  "fullName" : "src.tests.automation.test_listallelements#test_listallelements",
  "historyId" : "e567a95de508dd5bf0cfbffbadbd97ba",
  "time" : {
    "start" : 1628621345293,
    "stop" : 1628621358795,
    "duration" : 13502
  },
  "status" : "passed",
  "flaky" : false,
  "newFailed" : false,
  "beforeStages" : [ ],
  "afterStages" : [ ],
  "labels" : [ {
    "name" : "parentSuite",
    "value" : "src.tests.automation"
  }, {
    "name" : "suite",
    "value" : "test_listallelements"
  }, {
    "name" : "host",
    "value" : "fv-az74-846"
  }, {
    "name" : "thread",
    "value" : "4338-MainThread"
  }, {
    "name" : "framework",
    "value" : "pytest"
  }, {
    "name" : "language",
    "value" : "cpython3"
  }, {
    "name" : "package",
    "value" : "src.tests.automation.test_listallelements"
  }, {
    "name" : "resultFormat",
    "value" : "allure2"
  } ],
  "parameters" : [ ],
  "links" : [ ],
  "hidden" : false,
  "retry" : false,
  "extra" : {
    "severity" : "normal",
    "retries" : [ ],
    "categories" : [ ],
    "history" : {
      "statistic" : {
        "failed" : 0,
        "broken" : 2,
        "skipped" : 0,
        "passed" : 2,
        "unknown" : 0,
        "total" : 4
      },
      "items" : [ {
        "uid" : "7abc0595097fab0c",
        "reportUrl" : "https://BalazsSzoboszlay.github.io/conduit/18//#testresult/7abc0595097fab0c",
        "status" : "passed",
        "time" : {
          "start" : 1628618362722,
          "stop" : 1628618375829,
          "duration" : 13107
        }
      }, {
        "uid" : "65c010d0facfd623",
        "reportUrl" : "https://BalazsSzoboszlay.github.io/conduit/17//#testresult/65c010d0facfd623",
        "status" : "broken",
        "statusDetails" : "selenium.common.exceptions.WebDriverException: Message: 'chromedriver' executable needs to be in PATH. Please see https://sites.google.com/a/chromium.org/chromedriver/home",
        "time" : {
          "start" : 1628534402491,
          "stop" : 1628534402494,
          "duration" : 3
        }
      }, {
        "uid" : "4fd2c28cf52fd014",
        "reportUrl" : "https://BalazsSzoboszlay.github.io/conduit/16//#testresult/4fd2c28cf52fd014",
        "status" : "broken",
        "statusDetails" : "selenium.common.exceptions.WebDriverException: Message: 'chromedriver' executable needs to be in PATH. Please see https://sites.google.com/a/chromium.org/chromedriver/home",
        "time" : {
          "start" : 1628533974478,
          "stop" : 1628533974481,
          "duration" : 3
        }
      } ]
    },
    "tags" : [ ]
  },
  "source" : "a040f7b3c025fcc.json",
  "parameterValues" : [ ]
}