{
  "uid" : "d849bcd5c08f1c48",
  "name" : "test_pagination",
  "fullName" : "src.tests.automation.test_pagination#test_pagination",
  "historyId" : "600d21e239225d6eeebf5f1a0e0465ee",
  "time" : {
    "start" : 1629149671069,
    "stop" : 1629149688658,
    "duration" : 17589
  },
  "status" : "passed",
  "flaky" : false,
  "newFailed" : false,
  "beforeStages" : [ ],
  "testStage" : {
    "status" : "passed",
    "steps" : [ ],
    "attachments" : [ {
      "uid" : "cde693bd64c8b7c",
      "name" : "stdout",
      "source" : "cde693bd64c8b7c.txt",
      "type" : "text/plain",
      "size" : 16
    } ],
    "parameters" : [ ],
    "stepsCount" : 0,
    "attachmentsCount" : 1,
    "shouldDisplayMessage" : false,
    "hasContent" : true
  },
  "afterStages" : [ ],
  "labels" : [ {
    "name" : "parentSuite",
    "value" : "src.tests.automation"
  }, {
    "name" : "suite",
    "value" : "test_pagination"
  }, {
    "name" : "host",
    "value" : "fv-az33-581"
  }, {
    "name" : "thread",
    "value" : "4519-MainThread"
  }, {
    "name" : "framework",
    "value" : "pytest"
  }, {
    "name" : "language",
    "value" : "cpython3"
  }, {
    "name" : "package",
    "value" : "src.tests.automation.test_pagination"
  }, {
    "name" : "resultFormat",
    "value" : "allure2"
  } ],
  "parameters" : [ ],
  "links" : [ ],
  "hidden" : false,
  "retry" : false,
  "extra" : {
    "severity" : "normal",
    "retries" : [ ],
    "categories" : [ ],
    "history" : {
      "statistic" : {
        "failed" : 0,
        "broken" : 2,
        "skipped" : 0,
        "passed" : 7,
        "unknown" : 0,
        "total" : 9
      },
      "items" : [ {
        "uid" : "680bcfa53542eede",
        "reportUrl" : "https://BalazsSzoboszlay.github.io/conduit/24//#testresult/680bcfa53542eede",
        "status" : "passed",
        "time" : {
          "start" : 1629148106175,
          "stop" : 1629148123756,
          "duration" : 17581
        }
      }, {
        "uid" : "af0d59f47f2a46fc",
        "reportUrl" : "https://BalazsSzoboszlay.github.io/conduit/23//#testresult/af0d59f47f2a46fc",
        "status" : "passed",
        "time" : {
          "start" : 1629147777245,
          "stop" : 1629147794917,
          "duration" : 17672
        }
      }, {
        "uid" : "33793f506aa09bd1",
        "reportUrl" : "https://BalazsSzoboszlay.github.io/conduit/22//#testresult/33793f506aa09bd1",
        "status" : "passed",
        "time" : {
          "start" : 1628623920608,
          "stop" : 1628623937913,
          "duration" : 17305
        }
      }, {
        "uid" : "937ac801927e8ee1",
        "reportUrl" : "https://BalazsSzoboszlay.github.io/conduit/21//#testresult/937ac801927e8ee1",
        "status" : "passed",
        "time" : {
          "start" : 1628623359970,
          "stop" : 1628623377641,
          "duration" : 17671
        }
      }, {
        "uid" : "9753237c556479b6",
        "reportUrl" : "https://BalazsSzoboszlay.github.io/conduit/20//#testresult/9753237c556479b6",
        "status" : "passed",
        "time" : {
          "start" : 1628621496759,
          "stop" : 1628621514217,
          "duration" : 17458
        }
      }, {
        "uid" : "879595a560883046",
        "reportUrl" : "https://BalazsSzoboszlay.github.io/conduit/19//#testresult/879595a560883046",
        "status" : "passed",
        "time" : {
          "start" : 1628621387862,
          "stop" : 1628621405552,
          "duration" : 17690
        }
      }, {
        "uid" : "ebd47d225013f34f",
        "reportUrl" : "https://BalazsSzoboszlay.github.io/conduit/17//#testresult/ebd47d225013f34f",
        "status" : "broken",
        "statusDetails" : "selenium.common.exceptions.WebDriverException: Message: 'chromedriver' executable needs to be in PATH. Please see https://sites.google.com/a/chromium.org/chromedriver/home",
        "time" : {
          "start" : 1628534411022,
          "stop" : 1628534411025,
          "duration" : 3
        }
      }, {
        "uid" : "4ce942fea53b14f6",
        "reportUrl" : "https://BalazsSzoboszlay.github.io/conduit/16//#testresult/4ce942fea53b14f6",
        "status" : "broken",
        "statusDetails" : "selenium.common.exceptions.WebDriverException: Message: 'chromedriver' executable needs to be in PATH. Please see https://sites.google.com/a/chromium.org/chromedriver/home",
        "time" : {
          "start" : 1628533979641,
          "stop" : 1628533979644,
          "duration" : 3
        }
      } ]
    },
    "tags" : [ ]
  },
  "source" : "d849bcd5c08f1c48.json",
  "parameterValues" : [ ]
}