{
  "uid" : "8c5123fbfec33fc5",
  "name" : "test_writefromfile",
  "fullName" : "src.tests.automation.test_writefromfile#test_writefromfile",
  "historyId" : "5c2626a9677e3024c4629bb0a302c01e",
  "time" : {
    "start" : 1628618432588,
    "stop" : 1628618474868,
    "duration" : 42280
  },
  "status" : "passed",
  "flaky" : false,
  "newFailed" : false,
  "beforeStages" : [ ],
  "testStage" : {
    "status" : "passed",
    "steps" : [ ],
    "attachments" : [ {
      "uid" : "cd657cbd87f9934c",
      "name" : "stdout",
      "source" : "cd657cbd87f9934c.txt",
      "type" : "text/plain",
      "size" : 55
    } ],
    "parameters" : [ ],
    "stepsCount" : 0,
    "attachmentsCount" : 1,
    "shouldDisplayMessage" : false,
    "hasContent" : true
  },
  "afterStages" : [ ],
  "labels" : [ {
    "name" : "parentSuite",
    "value" : "src.tests.automation"
  }, {
    "name" : "suite",
    "value" : "test_writefromfile"
  }, {
    "name" : "host",
    "value" : "fv-az33-581"
  }, {
    "name" : "thread",
    "value" : "4429-MainThread"
  }, {
    "name" : "framework",
    "value" : "pytest"
  }, {
    "name" : "language",
    "value" : "cpython3"
  }, {
    "name" : "package",
    "value" : "src.tests.automation.test_writefromfile"
  }, {
    "name" : "resultFormat",
    "value" : "allure2"
  } ],
  "parameters" : [ ],
  "links" : [ ],
  "hidden" : false,
  "retry" : false,
  "extra" : {
    "severity" : "normal",
    "retries" : [ ],
    "categories" : [ ],
    "history" : {
      "statistic" : {
        "failed" : 0,
        "broken" : 2,
        "skipped" : 0,
        "passed" : 1,
        "unknown" : 0,
        "total" : 3
      },
      "items" : [ {
        "uid" : "f3c0bc2cd5de8da4",
        "reportUrl" : "https://BalazsSzoboszlay.github.io/conduit/17//#testresult/f3c0bc2cd5de8da4",
        "status" : "broken",
        "statusDetails" : "selenium.common.exceptions.WebDriverException: Message: 'chromedriver' executable needs to be in PATH. Please see https://sites.google.com/a/chromium.org/chromedriver/home",
        "time" : {
          "start" : 1628534411251,
          "stop" : 1628534411254,
          "duration" : 3
        }
      }, {
        "uid" : "4808a3a9113ec50b",
        "reportUrl" : "https://BalazsSzoboszlay.github.io/conduit/16//#testresult/4808a3a9113ec50b",
        "status" : "broken",
        "statusDetails" : "selenium.common.exceptions.WebDriverException: Message: 'chromedriver' executable needs to be in PATH. Please see https://sites.google.com/a/chromium.org/chromedriver/home",
        "time" : {
          "start" : 1628533979826,
          "stop" : 1628533979829,
          "duration" : 3
        }
      } ]
    },
    "tags" : [ ]
  },
  "source" : "8c5123fbfec33fc5.json",
  "parameterValues" : [ ]
}